{"0":{"date_time":"Thu Oct 19 2023 11:38:53 GMT+0530 (India Standard Time)"},"data":{"confirm_password":"admin","email":"jatinsaini6228@gmail.com","name":"Sanjay","password":"admin"},"level":"info","message":"Req_id: 17664@HP/a3a782d38ad45ad59ee1885a-0000000000000001","service":"UserController@register"}
{"0":{"date_time":"Thu Oct 19 2023 12:16:29 GMT+0530 (India Standard Time)"},"data":{"confirm_password":"admin","email":"jatinsaini6228@gmail.com","name":"Sanjay","password":"admin"},"level":"info","message":"Req_id: 1316@HP/cff6460f6c6f37a9d1807d61-0000000000000001","service":"UserController@register"}
{"0":{"date_time":"Thu Oct 19 2023 12:23:10 GMT+0530 (India Standard Time)"},"data":{"confirm_password":"admins","email":"jatinsaini6228@gmail.com","name":"Sanjay","password":"admin"},"level":"info","message":"Req_id: 8300@HP/038728acb57d62f4f6ef8097-0000000000000001","service":"UserController@register"}
{"0":{"date_time":"Thu Oct 19 2023 12:23:17 GMT+0530 (India Standard Time)"},"data":{"confirm_password":"admins","email":"jatinsaini6228@gmail.com","name":"Sanjay","password":"admin"},"level":"info","message":"Req_id: 8300@HP/038728acb57d62f4f6ef8097-0000000000000002","service":"UserController@register"}
{"0":{"date_time":"Thu Oct 19 2023 12:23:19 GMT+0530 (India Standard Time)"},"data":{"confirm_password":"admins","email":"jatinsaini6228@gmail.com","name":"Sanjay","password":"admin"},"level":"info","message":"Req_id: 8300@HP/038728acb57d62f4f6ef8097-0000000000000003","service":"UserController@register"}
{"0":{"date_time":"Thu Oct 19 2023 12:34:35 GMT+0530 (India Standard Time)"},"data":{"confirm_password":"admins","email":"jatinsaini6228@","name":"Sanjay","password":"admin"},"level":"info","message":"Req_id: 10832@HP/675c6bfe96c01c020be44730-0000000000000001","service":"UserController@register"}
{"0":{"date_time":"Thu Oct 19 2023 12:35:07 GMT+0530 (India Standard Time)"},"data":{"confirm_password":"admins","email":"jatinsaini6228@","name":"Sanjay","password":"admin"},"level":"info","message":"Req_id: 3576@HP/473c6b501780de97e08b1e53-0000000000000001","service":"UserController@register"}
{"0":{"date_time":"Thu Oct 19 2023 12:39:22 GMT+0530 (India Standard Time)"},"data":{"confirm_password":"admins","email":"jatinsaini6228@","name":"Sanjay","password":"admin"},"level":"info","message":"Req_id: 13252@HP/a4af725d43370d02ce700687-0000000000000001","service":"UserController@register"}
{"0":{"date_time":"Thu Oct 19 2023 12:39:57 GMT+0530 (India Standard Time)"},"data":{"confirm_password":"admins","email":"jatinsaini6228@","name":"Sanjay","password":"admin"},"level":"info","message":"Req_id: 2504@HP/294fa9e185ac1e67244d1675-0000000000000001","service":"UserController@register"}
{"0":{"date_time":"Thu Oct 19 2023 12:40:03 GMT+0530 (India Standard Time)"},"data":{"confirm_password":"admins","email":"jatinsaini6228@","name":"","password":"admin"},"level":"info","message":"Req_id: 2504@HP/294fa9e185ac1e67244d1675-0000000000000002","service":"UserController@register"}
{"0":{"date_time":"Thu Oct 19 2023 12:40:08 GMT+0530 (India Standard Time)"},"data":{"confirm_password":"admins","email":"jatinsaini6228@","password":"admin"},"level":"info","message":"Req_id: 2504@HP/294fa9e185ac1e67244d1675-0000000000000003","service":"UserController@register"}
{"0":{"date_time":"Thu Oct 19 2023 12:40:29 GMT+0530 (India Standard Time)"},"data":{"confirm_password":"admins","email":"jatinsaini6228@","password":"admin"},"level":"info","message":"Req_id: 14104@HP/4b20a5bd527448711ab608b3-0000000000000001","service":"UserController@register"}
{"0":{"date_time":"Thu Oct 19 2023 12:40:37 GMT+0530 (India Standard Time)"},"data":{"confirm_password":"admins","email":"jatinsaini6228@","password":"admin"},"level":"info","message":"Req_id: 12084@HP/31210d520e2d50a2c97be5f6-0000000000000001","service":"UserController@register"}
{"0":{"date_time":"Thu Oct 19 2023 12:40:53 GMT+0530 (India Standard Time)"},"data":{"confirm_password":"admins","email":"jatinsaini6228@","password":"admin"},"level":"info","message":"Req_id: 19320@HP/8abf824e58eb984263b82b6c-0000000000000001","service":"UserController@register"}
{"0":{"date_time":"Thu Oct 19 2023 12:41:03 GMT+0530 (India Standard Time)"},"data":{"confirm_password":"admins","email":"jatinsaini6228@","password":"admin"},"level":"info","message":"Req_id: 11576@HP/0ecddcb642c9e2a44fbb17fb-0000000000000001","service":"UserController@register"}
{"0":{"date_time":"Thu Oct 19 2023 12:42:45 GMT+0530 (India Standard Time)"},"data":{"confirm_password":"admins","email":"jatinsaini6228@","password":"admin"},"level":"info","message":"Req_id: 17340@HP/cd2ccb98ac1fe010c33a7bad-0000000000000001","service":"UserController@register"}
{"0":{"date_time":"Thu Oct 19 2023 12:42:58 GMT+0530 (India Standard Time)"},"data":{"confirm_password":"admins","email":"jatinsaini6228@","password":"admin"},"level":"info","message":"Req_id: 18272@HP/83ba745007e6176af82dc522-0000000000000001","service":"UserController@register"}
{"0":{"date_time":"Thu Oct 19 2023 12:43:07 GMT+0530 (India Standard Time)"},"data":{"confirm_password":"admins","email":"jatinsaini6228@","password":"admin"},"level":"info","message":"Req_id: 11824@HP/a17302d263a6117c341499e3-0000000000000001","service":"UserController@register"}
{"0":{"date_time":"Thu Oct 19 2023 12:43:28 GMT+0530 (India Standard Time)"},"data":{"confirm_password":"admins","email":"jatinsaini6228@","password":"admin"},"level":"info","message":"Req_id: 17240@HP/7f8fe744765b1ec626cb2405-0000000000000001","service":"UserController@register"}
{"0":{"date_time":"Thu Oct 19 2023 12:43:35 GMT+0530 (India Standard Time)"},"data":{"confirm_password":"admins","email":"jatinsaini6228@","password":"admin"},"level":"info","message":"Req_id: 14816@HP/03de4034f31ab9a526dec27a-0000000000000001","service":"UserController@register"}
{"0":{"date_time":"Thu Oct 19 2023 12:43:42 GMT+0530 (India Standard Time)"},"data":{"confirm_password":"admins","email":"jatinsaini6228@","name":"","password":"admin"},"level":"info","message":"Req_id: 14816@HP/03de4034f31ab9a526dec27a-0000000000000002","service":"UserController@register"}
{"0":{"date_time":"Thu Oct 19 2023 12:44:05 GMT+0530 (India Standard Time)"},"data":{"confirm_password":"admins","email":"jatinsaini6228@","name":"","password":"admin"},"level":"info","message":"Req_id: 3084@HP/0065eba1a60303191eb80f5a-0000000000000001","service":"UserController@register"}
{"0":{"date_time":"Thu Oct 19 2023 12:44:11 GMT+0530 (India Standard Time)"},"data":{"confirm_password":"admins","email":"jatinsaini6228@","name":"Sanjay","password":"admin"},"level":"info","message":"Req_id: 3084@HP/0065eba1a60303191eb80f5a-0000000000000002","service":"UserController@register"}
{"0":{"date_time":"Thu Oct 19 2023 13:02:43 GMT+0530 (India Standard Time)"},"data":{"confirm_password":"admins","email":"jatinsaini6228@","password":"admin"},"level":"info","message":"Req_id: 13300@HP/01dc50511ab3feedfbe623f0-0000000000000001","service":"UserController@register"}
{"0":{"date_time":"Thu Oct 19 2023 13:03:01 GMT+0530 (India Standard Time)"},"data":{"confirm_password":"admins","email":"jatinsaini6228@","password":"admin"},"level":"info","message":"Req_id: 13684@HP/b6f8e4eb1fa0f82c36c0f4d2-0000000000000001","service":"UserController@register"}
{"0":{"date_time":"Thu Oct 19 2023 13:04:10 GMT+0530 (India Standard Time)"},"data":{"confirm_password":"admins","email":"jatinsaini6228@","password":"admin"},"level":"info","message":"Req_id: 10940@HP/8561e5a08215bb50a837465e-0000000000000001","service":"UserController@register"}
{"0":{"date_time":"Thu Oct 19 2023 13:04:12 GMT+0530 (India Standard Time)"},"data":{"confirm_password":"admins","email":"jatinsaini6228@","password":"admin"},"level":"info","message":"Req_id: 10940@HP/8561e5a08215bb50a837465e-0000000000000002","service":"UserController@register"}
{"0":{"date_time":"Thu Oct 19 2023 13:04:23 GMT+0530 (India Standard Time)"},"data":{"confirm_password":"admins","email":"jatinsaini6228@","password":"admin"},"level":"info","message":"Req_id: 10272@HP/5aec76784b48ad70a5327883-0000000000000001","service":"UserController@register"}
{"0":{"date_time":"Thu Oct 19 2023 13:04:30 GMT+0530 (India Standard Time)"},"data":{"confirm_password":"admins","email":"jatinsaini6228@","password":"admin"},"level":"info","message":"Req_id: 11300@HP/8661552469009668bd918214-0000000000000001","service":"UserController@register"}
{"0":{"date_time":"Thu Oct 19 2023 13:04:52 GMT+0530 (India Standard Time)"},"data":{"confirm_password":"admins","email":"jatinsaini6228@","password":"admin"},"level":"info","message":"Req_id: 2428@HP/8bc668d027c99961cefb70a9-0000000000000001","service":"UserController@register"}
{"0":{"date_time":"Thu Oct 19 2023 13:07:37 GMT+0530 (India Standard Time)"},"data":{"confirm_password":"admins","email":"jatinsaini6228@","password":"admin"},"level":"info","message":"Req_id: 17416@HP/fc9db8afad826e25635a6166-0000000000000001","service":"UserController@register"}
{"0":{"date_time":"Thu Oct 19 2023 13:07:52 GMT+0530 (India Standard Time)"},"data":{"confirm_password":"admins","email":"jatinsaini6228@","password":"admin"},"level":"info","message":"Req_id: 17576@HP/00d2625225756cb68b186472-0000000000000001","service":"UserController@register"}
{"0":{"date_time":"Thu Oct 19 2023 13:16:59 GMT+0530 (India Standard Time)"},"data":{"confirm_password":"admins","email":"jatinsaini6228@","password":"admin"},"level":"info","message":"Req_id: 20012@HP/ca6435915f22d474154183fa-0000000000000001","service":"UserController@register"}
{"0":{"date_time":"Thu Oct 19 2023 13:24:27 GMT+0530 (India Standard Time)"},"data":{"confirm_password":"admins","email":"jatinsaini6228@","password":"admin"},"level":"info","message":"Req_id: 3872@HP/b4809504a4f731df455aa844-0000000000000001","service":"UserController@register"}
{"0":{"date_time":"Thu Oct 19 2023 13:26:14 GMT+0530 (India Standard Time)"},"data":{"confirm_password":"admins","email":"jatinsaini6228@","password":"admin"},"level":"info","message":"Req_id: 12116@HP/1047ea62ee9d23e2da1b0ec6-0000000000000001","service":"UserController@register"}
{"0":{"date_time":"Thu Oct 19 2023 15:23:34 GMT+0530 (India Standard Time)"},"data":{"confirm_password":"admins","email":"jatinsaini6228@","password":"admin"},"level":"info","message":"Req_id: 21048@HP/2e1a68b3ee48cee7363c8925-0000000000000001","service":"UserController@register"}
