{"0":{"date_time":"Mon Oct 16 2023 00:10:30 GMT+0530 (India Standard Time)"},"data":{},"level":"error","message":"Error","service":"UserController@register"}
{"0":{"date_time":"Mon Oct 16 2023 00:13:34 GMT+0530 (India Standard Time)"},"data":{},"level":"error","message":"Error","service":"UserController@register"}
{"0":{"date_time":"Mon Oct 16 2023 00:15:45 GMT+0530 (India Standard Time)"},"data":{},"level":"error","message":"Error","service":"UserController@register"}
{"0":{"date_time":"Mon Oct 16 2023 00:16:39 GMT+0530 (India Standard Time)"},"data":{},"level":"error","message":"Error","service":"UserController@register"}
{"0":{"date_time":"Mon Oct 16 2023 00:17:44 GMT+0530 (India Standard Time)"},"data":{},"level":"error","message":"Error","service":"UserController@register"}
{"0":{"date_time":"Mon Oct 16 2023 00:19:05 GMT+0530 (India Standard Time)"},"data":{},"level":"error","message":"Error","service":"UserController@register"}
{"0":{"date_time":"Mon Oct 16 2023 00:20:02 GMT+0530 (India Standard Time)"},"data":{},"level":"error","message":"Error","service":"UserController@register"}
{"0":{"date_time":"Mon Oct 16 2023 00:33:08 GMT+0530 (India Standard Time)"},"data":{},"level":"error","message":"Error","service":"UserController@register"}
{"0":{"date_time":"Mon Oct 16 2023 00:34:28 GMT+0530 (India Standard Time)"},"data":{},"level":"error","message":"Error","service":"UserController@register"}
{"0":{"date_time":"Mon Oct 16 2023 00:51:40 GMT+0530 (India Standard Time)"},"data":{},"level":"error","message":"Error","service":"UserController@register"}
{"0":{"date_time":"Mon Oct 16 2023 01:00:35 GMT+0530 (India Standard Time)"},"data":{},"level":"error","message":"Error","service":"UserController@register"}
{"0":{"date_time":"Mon Oct 16 2023 01:03:42 GMT+0530 (India Standard Time)"},"data":{},"level":"error","message":"Error","service":"UserController@register"}
{"0":{"date_time":"Mon Oct 16 2023 23:52:12 GMT+0530 (India Standard Time)"},"data":{"error":"ExceptionError","errorMessage":"name is not defined","errorName":"ReferenceError","status":false},"level":"error","message":"Error","service":"UserController@register"}
{"0":{"date_time":"Tue Oct 17 2023 00:12:14 GMT+0530 (India Standard Time)"},"data":{"error":"ExceptionError","errorMessage":"Converting circular structure to JSON\n    --> starting at object with constructor 'Socket'\n    |     property 'parser' -> object with constructor 'HTTPParser'\n    --- property 'socket' closes the circle","errorName":"TypeError","status":false},"level":"error","message":"Error","service":"UserController@register"}
{"0":{"date_time":"Tue Oct 17 2023 00:12:40 GMT+0530 (India Standard Time)"},"data":{"error":"ExceptionError","errorMessage":"Converting circular structure to JSON\n    --> starting at object with constructor 'Socket'\n    |     property 'parser' -> object with constructor 'HTTPParser'\n    --- property 'socket' closes the circle","errorName":"TypeError","status":false},"level":"error","message":"Error","service":"UserController@register"}
{"0":{"date_time":"Tue Oct 17 2023 00:24:15 GMT+0530 (India Standard Time)"},"data":{"error":"ExceptionError","errorMessage":"body is not defined","errorName":"ReferenceError","status":false},"level":"error","message":"Error","service":"UserController@register"}
{"0":{"date_time":"Tue Oct 17 2023 00:24:48 GMT+0530 (India Standard Time)"},"level":"error","message":"Error","service":"UserController@register"}
{"0":{"date_time":"Tue Oct 17 2023 00:24:48 GMT+0530 (India Standard Time)"},"data":{"error":"ExceptionError","errorMessage":"Cannot read properties of undefined (reading 'status')","errorName":"TypeError","status":false},"level":"error","message":"Error","service":"UserController@register"}
{"0":{"date_time":"Thu Oct 19 2023 00:11:28 GMT+0530 (India Standard Time)"},"level":"error","message":"Error","service":"UserController@register"}
{"0":{"date_time":"Thu Oct 19 2023 00:14:47 GMT+0530 (India Standard Time)"},"level":"error","message":"Error","service":"UserController@register"}
{"0":{"date_time":"Thu Oct 19 2023 00:14:47 GMT+0530 (India Standard Time)"},"data":{"error":"ExceptionError","errorMessage":"Cannot read properties of undefined (reading 'status')","errorName":"TypeError","status":false},"level":"error","message":"Error","service":"UserController@register"}
